<?xml version="1.0" encoding="UTF-8"?>
<!-- Generated by org.testng.reporters.JUnitXMLReporter -->
<testsuite hostname="DESKTOP-EAQ3151" ignored="0" name="Default test" tests="3" failures="0" timestamp="06 Jan 2019 16:02:49 GMT" time="0.107" errors="0">
  <testcase name="FirstTest" time="0.021" classname="k_dataprovider.K_DataProvider"/>
  <testcase name="FirstTest" time="0.015" classname="k_dataprovider.K_DataProvider"/>
  <testcase name="FirstTest" time="0.004" classname="k_dataprovider.K_DataProvider"/>
</testsuite> <!-- Default test -->
