<?xml version="1.0" encoding="UTF-8"?>
<!-- Generated by org.testng.reporters.JUnitXMLReporter -->
<testsuite hostname="DESKTOP-EAQ3151" ignored="0" name="Default test" tests="4" failures="0" timestamp="27 Jan 2019 10:44:46 GMT" time="7.058" errors="0">
  <testcase name="createCustomerTest" time="3.368" classname="com.restapitestingframework.testscripts.UpdateCutomerTests"/>
  <testcase name="createCustomerTest" time="1.428" classname="com.restapitestingframework.testscripts.UpdateCutomerTests"/>
  <testcase name="updateCustomerTest" time="0.999" classname="com.restapitestingframework.testscripts.UpdateCutomerTests"/>
  <testcase name="updateCustomerTest" time="1.165" classname="com.restapitestingframework.testscripts.UpdateCutomerTests"/>
</testsuite> <!-- Default test -->
