<?xml version="1.0" encoding="UTF-8"?>
<!-- Generated by org.testng.reporters.JUnitXMLReporter -->
<testsuite hostname="DESKTOP-EAQ3151" ignored="0" name="Default test" tests="5" failures="0" timestamp="29 Jan 2019 20:54:21 GMT" time="10.633" errors="0">
  <testcase name="createCustomerTest" time="3.458" classname="com.restapitestingframework.testscripts.GetCutomerTests"/>
  <testcase name="createCustomerTest" time="1.36" classname="com.restapitestingframework.testscripts.GetCutomerTests"/>
  <testcase name="updateCustomerTest" time="1.27" classname="com.restapitestingframework.testscripts.GetCutomerTests"/>
  <testcase name="updateCustomerTest" time="1.275" classname="com.restapitestingframework.testscripts.GetCutomerTests"/>
  <testcase name="getCustomerTest" time="3.188" classname="com.restapitestingframework.testscripts.GetCutomerTests"/>
</testsuite> <!-- Default test -->
