<?xml version="1.0" encoding="UTF-8"?>
<testng-results skipped="0" failed="0" ignored="0" total="1" passed="1">
  <reporter-output>
  </reporter-output>
  <suite name="Default suite" duration-ms="165" started-at="2019-01-19T16:24:26Z" finished-at="2019-01-19T16:24:27Z">
    <groups>
    </groups>
    <test name="Default test" duration-ms="165" started-at="2019-01-19T16:24:26Z" finished-at="2019-01-19T16:24:27Z">
      <class name="b_covertingandparsingjson_GSON.ConvertingJsonObjectToJavaObject_Unmarshalling">
        <test-method status="PASS" signature="jsonobject2javaobject()[pri:0, instance:b_covertingandparsingjson_GSON.ConvertingJsonObjectToJavaObject_Unmarshalling@feb3fa]" name="jsonobject2javaobject" duration-ms="93" started-at="2019-01-19T16:24:26Z" finished-at="2019-01-19T16:24:27Z">
          <reporter-output>
          </reporter-output>
        </test-method> <!-- jsonobject2javaobject -->
      </class> <!-- b_covertingandparsingjson_GSON.ConvertingJsonObjectToJavaObject_Unmarshalling -->
    </test> <!-- Default test -->
  </suite> <!-- Default suite -->
</testng-results>
