<?xml version="1.0" encoding="UTF-8"?>
<!-- Generated by org.testng.reporters.JUnitXMLReporter -->
<testsuite hostname="DESKTOP-EAQ3151" ignored="0" name="Test2" tests="3" failures="0" timestamp="03 Jan 2019 09:25:16 GMT" time="0.015" errors="0">
  <testcase name="bFirstTest" time="0.0" classname="b_Multiple_Tests.B_Multiple_Tests2"/>
  <testcase name="bSecondTest" time="0.015" classname="b_Multiple_Tests.B_Multiple_Tests2"/>
  <testcase name="bThirdTest" time="0.0" classname="b_Multiple_Tests.B_Multiple_Tests2"/>
</testsuite> <!-- Test2 -->
