<?xml version="1.0" encoding="UTF-8"?>
<!-- Generated by org.testng.reporters.JUnitXMLReporter -->
<testsuite hostname="DESKTOP-EAQ3151" ignored="3" name="Test1" tests="6" failures="0" timestamp="05 Jan 2019 16:48:13 GMT" time="0.077" errors="0">
  <testcase name="EighthTest" time="0.003" classname="e_groups.E_Groups"/>
  <testcase name="FirstTest" time="0.016" classname="e_groups.E_Groups"/>
  <testcase name="NinthTest" time="0.023" classname="e_groups.E_Groups"/>
  <testcase name="SecondTest" time="0.009" classname="e_groups.E_Groups"/>
  <testcase name="SeventhTest" time="0.001" classname="e_groups.E_Groups"/>
  <testcase name="ThirdTest" time="0.002" classname="e_groups.E_Groups"/>
  <testcase name="SixthTest" time="0.0" classname="e_groups.E_Groups">
    <ignored/>
  </testcase> <!-- SixthTest -->
  <testcase name="FifthTest" time="0.0" classname="e_groups.E_Groups">
    <ignored/>
  </testcase> <!-- FifthTest -->
  <testcase name="FourthTest" time="0.0" classname="e_groups.E_Groups">
    <ignored/>
  </testcase> <!-- FourthTest -->
</testsuite> <!-- Test1 -->
