<?xml version="1.0" encoding="UTF-8"?>
<!-- Generated by org.testng.reporters.JUnitXMLReporter -->
<testsuite hostname="DESKTOP-EAQ3151" ignored="0" name="Test" tests="2" failures="1" timestamp="06 Jan 2019 17:19:18 GMT" time="0.087" errors="0">
  <testcase name="SecondTest" time="0.021" classname="l_listener.L_Listener">
    <failure type="java.lang.AssertionError" message="expected [true] but found [false]">
      <![CDATA[java.lang.AssertionError: expected [true] but found [false]
	at l_listener.L_Listener.SecondTest(L_Listener.java:19)
... Removed 29 stack frames]]>
    </failure>
  </testcase> <!-- SecondTest -->
  <testcase name="firstTest" time="0.011" classname="l_listener.L_Listener"/>
</testsuite> <!-- Test -->
