<?xml version="1.0" encoding="UTF-8"?>
<testng-results skipped="0" failed="0" ignored="0" total="6" passed="6">
  <reporter-output>
  </reporter-output>
  <suite name="Default suite" duration-ms="12676" started-at="2019-02-01T10:53:42Z" finished-at="2019-02-01T10:53:55Z">
    <groups>
    </groups>
    <test name="Default test" duration-ms="12676" started-at="2019-02-01T10:53:42Z" finished-at="2019-02-01T10:53:55Z">
      <class name="com.restapitestingframework.testscripts.DeleteCustomer">
        <test-method status="PASS" signature="createCustomerTest(java.lang.String, java.lang.String, java.lang.String)[pri:0, instance:com.restapitestingframework.testscripts.DeleteCustomer@cb5822]" name="createCustomerTest" duration-ms="4176" started-at="2019-02-01T10:53:42Z" data-provider="createCustomerTestDataProvider" finished-at="2019-02-01T10:53:47Z">
          <params>
            <param index="0">
              <value>
                <![CDATA[OLDRESTAPITESTER00]]>
              </value>
            </param>
            <param index="1">
              <value>
                <![CDATA[1234500]]>
              </value>
            </param>
            <param index="2">
              <value>
                <![CDATA[3100]]>
              </value>
            </param>
          </params>
          <reporter-output>
          </reporter-output>
        </test-method> <!-- createCustomerTest -->
        <test-method status="PASS" signature="createCustomerTest(java.lang.String, java.lang.String, java.lang.String)[pri:0, instance:com.restapitestingframework.testscripts.DeleteCustomer@cb5822]" name="createCustomerTest" duration-ms="1072" started-at="2019-02-01T10:53:47Z" data-provider="createCustomerTestDataProvider" finished-at="2019-02-01T10:53:48Z">
          <params>
            <param index="0">
              <value>
                <![CDATA[OLDRESTAPITESTER11]]>
              </value>
            </param>
            <param index="1">
              <value>
                <![CDATA[1234511]]>
              </value>
            </param>
            <param index="2">
              <value>
                <![CDATA[3111]]>
              </value>
            </param>
          </params>
          <reporter-output>
          </reporter-output>
        </test-method> <!-- createCustomerTest -->
        <test-method status="PASS" signature="updateCustomerTest(java.lang.String, java.lang.String, java.lang.String)[pri:0, instance:com.restapitestingframework.testscripts.DeleteCustomer@cb5822]" name="updateCustomerTest" duration-ms="1061" started-at="2019-02-01T10:53:48Z" data-provider="updateCustomerTestDataProvider" depends-on-methods="com.restapitestingframework.testscripts.DeleteCustomer.createCustomerTest" finished-at="2019-02-01T10:53:49Z">
          <params>
            <param index="0">
              <value>
                <![CDATA[OLDRESTAPITESTER00]]>
              </value>
            </param>
            <param index="1">
              <value>
                <![CDATA[999900]]>
              </value>
            </param>
            <param index="2">
              <value>
                <![CDATA[9900]]>
              </value>
            </param>
          </params>
          <reporter-output>
          </reporter-output>
        </test-method> <!-- updateCustomerTest -->
        <test-method status="PASS" signature="updateCustomerTest(java.lang.String, java.lang.String, java.lang.String)[pri:0, instance:com.restapitestingframework.testscripts.DeleteCustomer@cb5822]" name="updateCustomerTest" duration-ms="1147" started-at="2019-02-01T10:53:49Z" data-provider="updateCustomerTestDataProvider" depends-on-methods="com.restapitestingframework.testscripts.DeleteCustomer.createCustomerTest" finished-at="2019-02-01T10:53:50Z">
          <params>
            <param index="0">
              <value>
                <![CDATA[OLDRESTAPITESTER11]]>
              </value>
            </param>
            <param index="1">
              <value>
                <![CDATA[999911]]>
              </value>
            </param>
            <param index="2">
              <value>
                <![CDATA[9911]]>
              </value>
            </param>
          </params>
          <reporter-output>
          </reporter-output>
        </test-method> <!-- updateCustomerTest -->
        <test-method status="PASS" signature="getCustomerTest()[pri:0, instance:com.restapitestingframework.testscripts.DeleteCustomer@cb5822]" name="getCustomerTest" duration-ms="2566" started-at="2019-02-01T10:53:50Z" depends-on-methods="com.restapitestingframework.testscripts.DeleteCustomer.updateCustomerTest" finished-at="2019-02-01T10:53:53Z">
          <reporter-output>
          </reporter-output>
        </test-method> <!-- getCustomerTest -->
        <test-method status="PASS" signature="deleteCustomerTest()[pri:0, instance:com.restapitestingframework.testscripts.DeleteCustomer@cb5822]" name="deleteCustomerTest" duration-ms="2557" started-at="2019-02-01T10:53:53Z" depends-on-methods="com.restapitestingframework.testscripts.DeleteCustomer.getCustomerTest" finished-at="2019-02-01T10:53:55Z">
          <reporter-output>
          </reporter-output>
        </test-method> <!-- deleteCustomerTest -->
      </class> <!-- com.restapitestingframework.testscripts.DeleteCustomer -->
    </test> <!-- Default test -->
  </suite> <!-- Default suite -->
</testng-results>
