<?xml version="1.0" encoding="UTF-8"?>
<testng-results skipped="0" failed="0" ignored="0" total="1" passed="1">
  <reporter-output>
  </reporter-output>
  <suite name="Default suite" duration-ms="3829" started-at="2019-01-26T19:41:04Z" finished-at="2019-01-26T19:41:08Z">
    <groups>
    </groups>
    <test name="Default test" duration-ms="3829" started-at="2019-01-26T19:41:04Z" finished-at="2019-01-26T19:41:08Z">
      <class name="com.restapitestingframework.testscripts.CreateCutomerTests">
        <test-method status="PASS" signature="createCustomerFirstTest(java.lang.String, java.lang.String, java.lang.String)[pri:0, instance:com.restapitestingframework.testscripts.CreateCutomerTests@cb5822]" name="createCustomerFirstTest" duration-ms="3744" started-at="2019-01-26T19:41:05Z" data-provider="createCustomerFirstTestDataProvider" finished-at="2019-01-26T19:41:08Z">
          <params>
            <param index="0">
              <value>
                <![CDATA[RESTAPITESTER]]>
              </value>
            </param>
            <param index="1">
              <value>
                <![CDATA[12345]]>
              </value>
            </param>
            <param index="2">
              <value>
                <![CDATA[30]]>
              </value>
            </param>
          </params>
          <reporter-output>
          </reporter-output>
        </test-method> <!-- createCustomerFirstTest -->
      </class> <!-- com.restapitestingframework.testscripts.CreateCutomerTests -->
    </test> <!-- Default test -->
  </suite> <!-- Default suite -->
</testng-results>
