<?xml version="1.0" encoding="UTF-8"?>
<!-- Generated by org.testng.reporters.JUnitXMLReporter -->
<testsuite hostname="DESKTOP-EAQ3151" ignored="4" name="Test" tests="10" failures="0" timestamp="07 Feb 2019 18:55:32 GMT" time="16.82" errors="0">
  <testcase name="createCustomerTest" time="4.119" classname="com.restapitestingframework.testscripts.GetCutomerTests"/>
  <testcase name="createCustomerTest" time="1.097" classname="com.restapitestingframework.testscripts.GetCutomerTests"/>
  <testcase name="updateCustomerTest" time="1.283" classname="com.restapitestingframework.testscripts.GetCutomerTests"/>
  <testcase name="updateCustomerTest" time="1.26" classname="com.restapitestingframework.testscripts.GetCutomerTests"/>
  <testcase name="getCustomerTest" time="2.988" classname="com.restapitestingframework.testscripts.GetCutomerTests"/>
  <testcase name="createCustomerTest" time="1.169" classname="com.restapitestingframework.testscripts.UpdateCutomerTests"/>
  <testcase name="createCustomerTest" time="1.275" classname="com.restapitestingframework.testscripts.UpdateCutomerTests"/>
  <testcase name="updateCustomerTest" time="1.258" classname="com.restapitestingframework.testscripts.UpdateCutomerTests"/>
  <testcase name="updateCustomerTest" time="0.96" classname="com.restapitestingframework.testscripts.UpdateCutomerTests"/>
  <testcase name="createCustomerFirstTest" time="1.251" classname="com.restapitestingframework.testscripts.CreateCutomerTests"/>
  <testcase name="@AfterSuite afterSuite" time="0.0" classname="com.restapitestingframework.testbase.Testbase">
    <ignored/>
  </testcase> <!-- @AfterSuite afterSuite -->
  <testcase name="@AfterSuite afterSuite" time="0.0" classname="com.restapitestingframework.testbase.Testbase">
    <ignored/>
  </testcase> <!-- @AfterSuite afterSuite -->
  <testcase name="@BeforeSuite beforeSuite" time="0.0" classname="com.restapitestingframework.testbase.Testbase">
    <ignored/>
  </testcase> <!-- @BeforeSuite beforeSuite -->
  <testcase name="@BeforeSuite beforeSuite" time="0.0" classname="com.restapitestingframework.testbase.Testbase">
    <ignored/>
  </testcase> <!-- @BeforeSuite beforeSuite -->
</testsuite> <!-- Test -->
