<?xml version="1.0" encoding="UTF-8"?>
<!-- Generated by org.testng.reporters.JUnitXMLReporter -->
<testsuite hostname="DESKTOP-EAQ3151" ignored="0" name="Test" tests="5" failures="2" timestamp="29 Jan 2019 20:11:24 GMT" time="5.21" errors="0">
  <testcase name="createCustomerTest" time="3.747" classname="com.restapitestingframework.testscripts.GetCutomerTests"/>
  <testcase name="createCustomerTest" time="1.366" classname="com.restapitestingframework.testscripts.GetCutomerTests"/>
  <testcase name="updateCustomerTest" time="0.016" classname="com.restapitestingframework.testscripts.GetCutomerTests">
    <failure type="java.lang.ArrayIndexOutOfBoundsException" message="2">
      <![CDATA[java.lang.ArrayIndexOutOfBoundsException: 2
at com.restapitestingframework.testscripts.GetCutomerTests.updateCustomerTest(GetCutomerTests.java:88)
... Removed 25 stack frames]]>
    </failure>
  </testcase> <!-- updateCustomerTest -->
  <testcase name="updateCustomerTest" time="0.0" classname="com.restapitestingframework.testscripts.GetCutomerTests">
    <failure type="java.lang.ArrayIndexOutOfBoundsException" message="2">
      <![CDATA[java.lang.ArrayIndexOutOfBoundsException: 2
at com.restapitestingframework.testscripts.GetCutomerTests.updateCustomerTest(GetCutomerTests.java:88)
... Removed 25 stack frames]]>
    </failure>
  </testcase> <!-- updateCustomerTest -->
  <testcase name="getCustomerTest" time="0.0" classname="com.restapitestingframework.testscripts.GetCutomerTests">
    <skipped/>
  </testcase> <!-- getCustomerTest -->
</testsuite> <!-- Test -->
